android-webview/app/build/intermediates/manifest_merge_blame_file/debug/processDebugMainManifest/manifest-merger-blame-debug-report.txt
1<?xml version="1.0" encoding="utf-8"?>
2<manifest xmlns:android="http://schemas.android.com/apk/res/android"
3    package="com.langxiancheng.kiosk"
4    android:versionCode="8"
5    android:versionName="2.6.3" >
6
7    <uses-sdk
8        android:minSdkVersion="21"
9        android:targetSdkVersion="35" />
10
11    <uses-permission android:name="android.permission.INTERNET" />
11-->src/main/AndroidManifest.xml:5:5-67
11-->src/main/AndroidManifest.xml:5:22-64
12    <uses-permission android:name="android.permission.WAKE_LOCK" />
12-->src/main/AndroidManifest.xml:6:5-68
12-->src/main/AndroidManifest.xml:6:22-65
13    <uses-permission android:name="android.permission.RECORD_AUDIO" />
13-->src/main/AndroidManifest.xml:7:5-71
13-->src/main/AndroidManifest.xml:7:22-68
14    <uses-permission android:name="android.permission.MODIFY_AUDIO_SETTINGS" />
14-->src/main/AndroidManifest.xml:8:5-80
14-->src/main/AndroidManifest.xml:8:22-77
15    <uses-permission android:name="android.permission.NFC" />
15-->src/main/AndroidManifest.xml:9:5-62
15-->src/main/AndroidManifest.xml:9:22-59
16
17    <uses-feature
17-->src/main/AndroidManifest.xml:10:5-82
18        android:name="android.hardware.nfc"
18-->src/main/AndroidManifest.xml:10:19-54
19        android:required="false" />
19-->src/main/AndroidManifest.xml:10:55-79
20    <uses-feature
20-->src/main/AndroidManifest.xml:11:5-86
21        android:name="android.hardware.nfc.hce"
21-->src/main/AndroidManifest.xml:11:19-58
22        android:required="false" />
22-->src/main/AndroidManifest.xml:11:59-83
23
24    <queries>
24-->src/main/AndroidManifest.xml:13:5-17:15
25        <intent>
25-->src/main/AndroidManifest.xml:14:9-16:18
26            <action android:name="android.speech.action.RECOGNIZE_SPEECH" />
26-->src/main/AndroidManifest.xml:15:13-77
26-->src/main/AndroidManifest.xml:15:21-74
27        </intent>
28
29        <package android:name="com.sm.ai.framework" />
29-->[sm_base_sdk.aar] AndroidManifest.xml:8:9-55
29-->[sm_base_sdk.aar] AndroidManifest.xml:8:18-52
30    </queries>
31
32    <permission
32-->[androidx.core:core:1.15.0] AndroidManifest.xml:22:5-24:47
33        android:name="com.langxiancheng.kiosk.DYNAMIC_RECEIVER_NOT_EXPORTED_PERMISSION"
33-->[androidx.core:core:1.15.0] AndroidManifest.xml:23:9-81
34        android:protectionLevel="signature" />
34-->[androidx.core:core:1.15.0] AndroidManifest.xml:24:9-44
35
36    <uses-permission android:name="com.langxiancheng.kiosk.DYNAMIC_RECEIVER_NOT_EXPORTED_PERMISSION" />
36-->[androidx.core:core:1.15.0] AndroidManifest.xml:26:5-97
36-->[androidx.core:core:1.15.0] AndroidManifest.xml:26:22-94
37
38    <application
38-->src/main/AndroidManifest.xml:19:5-59:19
39        android:allowBackup="false"
39-->src/main/AndroidManifest.xml:20:9-36
40        android:appComponentFactory="androidx.core.app.CoreComponentFactory"
40-->[androidx.core:core:1.15.0] AndroidManifest.xml:28:18-86
41        android:debuggable="true"
42        android:extractNativeLibs="true"
43        android:label="浪险橙Kiosk"
43-->src/main/AndroidManifest.xml:22:9-33
44        android:supportsRtl="true"
44-->src/main/AndroidManifest.xml:24:9-35
45        android:theme="@style/Theme.AppCompat.Light.NoActionBar" >
45-->src/main/AndroidManifest.xml:23:9-65
46        <activity
46-->src/main/AndroidManifest.xml:26:9-43:20
47            android:name="com.langxiancheng.kiosk.MainActivity"
47-->src/main/AndroidManifest.xml:27:13-41
48            android:configChanges="orientation|screenSize|keyboardHidden"
48-->src/main/AndroidManifest.xml:30:13-74
49            android:exported="true"
49-->src/main/AndroidManifest.xml:28:13-36
50            android:launchMode="singleTask"
50-->src/main/AndroidManifest.xml:32:13-44
51            android:screenOrientation="portrait"
51-->src/main/AndroidManifest.xml:29:13-49
52            android:theme="@style/Theme.AppCompat.Light.NoActionBar.Fullscreen"
52-->src/main/AndroidManifest.xml:33:13-80
53            android:windowSoftInputMode="stateAlwaysHidden" >
53-->src/main/AndroidManifest.xml:31:13-60
54            <intent-filter>
54-->src/main/AndroidManifest.xml:34:13-37:29
55                <action android:name="android.intent.action.MAIN" />
55-->src/main/AndroidManifest.xml:35:17-69
55-->src/main/AndroidManifest.xml:35:25-66
56
57                <category android:name="android.intent.category.LAUNCHER" />
57-->src/main/AndroidManifest.xml:36:17-77
57-->src/main/AndroidManifest.xml:36:27-74
58            </intent-filter>
59            <intent-filter>
59-->src/main/AndroidManifest.xml:38:13-42:29
60                <action android:name="android.nfc.action.NDEF_DISCOVERED" />
60-->src/main/AndroidManifest.xml:39:17-77
60-->src/main/AndroidManifest.xml:39:25-74
61
62                <category android:name="android.intent.category.DEFAULT" />
62-->src/main/AndroidManifest.xml:40:17-76
62-->src/main/AndroidManifest.xml:40:27-73
63
64                <data
64-->src/main/AndroidManifest.xml:41:17-129
65                    android:host="xinyineee.github.io"
65-->src/main/AndroidManifest.xml:41:46-80
66                    android:pathPrefix="/langxiancheng-kiosk-h5/"
66-->src/main/AndroidManifest.xml:41:81-126
67                    android:scheme="https" />
67-->src/main/AndroidManifest.xml:41:23-45
68            </intent-filter>
69        </activity>
70
71        <!-- HCE Service: Emulates NDEF Type 4 Tag for phone tap-to-share -->
72        <service
72-->src/main/AndroidManifest.xml:46:9-57:19
73            android:name="com.langxiancheng.kiosk.NdefHceService"
73-->src/main/AndroidManifest.xml:47:13-43
74            android:exported="true"
74-->src/main/AndroidManifest.xml:48:13-36
75            android:permission="android.permission.BIND_NFC_SERVICE" >
75-->src/main/AndroidManifest.xml:49:13-69
76            <intent-filter>
76-->src/main/AndroidManifest.xml:50:13-53:29
77                <action android:name="android.nfc.cardemulation.action.HOST_APDU_SERVICE" />
77-->src/main/AndroidManifest.xml:51:17-93
77-->src/main/AndroidManifest.xml:51:25-90
78
79                <category android:name="android.intent.category.DEFAULT" />
79-->src/main/AndroidManifest.xml:40:17-76
79-->src/main/AndroidManifest.xml:40:27-73
80            </intent-filter>
81
82            <meta-data
82-->src/main/AndroidManifest.xml:54:13-56:55
83                android:name="android.nfc.cardemulation.host_apdu_service"
83-->src/main/AndroidManifest.xml:55:17-75
84                android:resource="@xml/apduservice" />
84-->src/main/AndroidManifest.xml:56:17-52
85        </service>
86
87        <provider
87-->[androidx.emoji2:emoji2:1.3.0] AndroidManifest.xml:24:9-32:20
88            android:name="androidx.startup.InitializationProvider"
88-->[androidx.emoji2:emoji2:1.3.0] AndroidManifest.xml:25:13-67
89            android:authorities="com.langxiancheng.kiosk.androidx-startup"
89-->[androidx.emoji2:emoji2:1.3.0] AndroidManifest.xml:26:13-68
90            android:exported="false" >
90-->[androidx.emoji2:emoji2:1.3.0] AndroidManifest.xml:27:13-37
91            <meta-data
91-->[androidx.emoji2:emoji2:1.3.0] AndroidManifest.xml:29:13-31:52
92                android:name="androidx.emoji2.text.EmojiCompatInitializer"
92-->[androidx.emoji2:emoji2:1.3.0] AndroidManifest.xml:30:17-75
93                android:value="androidx.startup" />
93-->[androidx.emoji2:emoji2:1.3.0] AndroidManifest.xml:31:17-49
94            <meta-data
94-->[androidx.lifecycle:lifecycle-process:2.6.2] AndroidManifest.xml:29:13-31:52
95                android:name="androidx.lifecycle.ProcessLifecycleInitializer"
95-->[androidx.lifecycle:lifecycle-process:2.6.2] AndroidManifest.xml:30:17-78
96                android:value="androidx.startup" />
96-->[androidx.lifecycle:lifecycle-process:2.6.2] AndroidManifest.xml:31:17-49
97            <meta-data
97-->[androidx.profileinstaller:profileinstaller:1.4.0] AndroidManifest.xml:29:13-31:52
98                android:name="androidx.profileinstaller.ProfileInstallerInitializer"
98-->[androidx.profileinstaller:profileinstaller:1.4.0] AndroidManifest.xml:30:17-85
99                android:value="androidx.startup" />
99-->[androidx.profileinstaller:profileinstaller:1.4.0] AndroidManifest.xml:31:17-49
100        </provider>
101
102        <receiver
102-->[androidx.profileinstaller:profileinstaller:1.4.0] AndroidManifest.xml:34:9-52:20
103            android:name="androidx.profileinstaller.ProfileInstallReceiver"
103-->[androidx.profileinstaller:profileinstaller:1.4.0] AndroidManifest.xml:35:13-76
104            android:directBootAware="false"
104-->[androidx.profileinstaller:profileinstaller:1.4.0] AndroidManifest.xml:36:13-44
105            android:enabled="true"
105-->[androidx.profileinstaller:profileinstaller:1.4.0] AndroidManifest.xml:37:13-35
106            android:exported="true"
106-->[androidx.profileinstaller:profileinstaller:1.4.0] AndroidManifest.xml:38:13-36
107            android:permission="android.permission.DUMP" >
107-->[androidx.profileinstaller:profileinstaller:1.4.0] AndroidManifest.xml:39:13-57
108            <intent-filter>
108-->[androidx.profileinstaller:profileinstaller:1.4.0] AndroidManifest.xml:40:13-42:29
109                <action android:name="androidx.profileinstaller.action.INSTALL_PROFILE" />
109-->[androidx.profileinstaller:profileinstaller:1.4.0] AndroidManifest.xml:41:17-91
109-->[androidx.profileinstaller:profileinstaller:1.4.0] AndroidManifest.xml:41:25-88
110            </intent-filter>
111            <intent-filter>
111-->[androidx.profileinstaller:profileinstaller:1.4.0] AndroidManifest.xml:43:13-45:29
112                <action android:name="androidx.profileinstaller.action.SKIP_FILE" />
112-->[androidx.profileinstaller:profileinstaller:1.4.0] AndroidManifest.xml:44:17-85
112-->[androidx.profileinstaller:profileinstaller:1.4.0] AndroidManifest.xml:44:25-82
113            </intent-filter>
114            <intent-filter>
114-->[androidx.profileinstaller:profileinstaller:1.4.0] AndroidManifest.xml:46:13-48:29
115                <action android:name="androidx.profileinstaller.action.SAVE_PROFILE" />
115-->[androidx.profileinstaller:profileinstaller:1.4.0] AndroidManifest.xml:47:17-88
115-->[androidx.profileinstaller:profileinstaller:1.4.0] AndroidManifest.xml:47:25-85
116            </intent-filter>
117            <intent-filter>
117-->[androidx.profileinstaller:profileinstaller:1.4.0] AndroidManifest.xml:49:13-51:29
118                <action android:name="androidx.profileinstaller.action.BENCHMARK_OPERATION" />
118-->[androidx.profileinstaller:profileinstaller:1.4.0] AndroidManifest.xml:50:17-95
118-->[androidx.profileinstaller:profileinstaller:1.4.0] AndroidManifest.xml:50:25-92
119            </intent-filter>
120        </receiver>
121    </application>
122
123</manifest>